<?xml version="1.0" encoding="UTF-8"?>
<!-- Generated by org.testng.reporters.JUnitReportReporter -->
<testsuite hostname="Athul-PC" name="qaclickacademy.SeleniumTest" tests="2" failures="0" timestamp="1 Mar 2020 19:15:55 GMT" time="0.000" errors="0">
  <testcase name="BrowserAutomation" time="0.000" classname="qaclickacademy.SeleniumTest"/>
  <testcase name="UIAutomation" time="0.000" classname="qaclickacademy.SeleniumTest"/>
</testsuite> <!-- qaclickacademy.SeleniumTest -->
