<?xml version="1.0" encoding="UTF-8"?>
<!-- Generated by org.testng.reporters.JUnitReportReporter -->
<testsuite hostname="Athul-PC" name="qaclickacademy.RestAPITest" tests="2" failures="0" timestamp="1 Mar 2020 19:15:55 GMT" time="0.001" errors="0">
  <testcase name="Requestsent" time="0.001" classname="qaclickacademy.RestAPITest"/>
  <testcase name="Responsereceived" time="0.000" classname="qaclickacademy.RestAPITest"/>
</testsuite> <!-- qaclickacademy.RestAPITest -->
