<?xml version="1.0" encoding="UTF-8"?>
<!-- Generated by org.testng.reporters.JUnitReportReporter -->
<testsuite hostname="Athul-PC" name="qaclickacademy.AppiumTest" tests="2" failures="0" timestamp="1 Mar 2020 19:15:55 GMT" time="0.186" errors="0">
  <testcase name="Cloud" time="0.186" classname="qaclickacademy.AppiumTest"/>
  <testcase name="MobileAutomation" time="0.000" classname="qaclickacademy.AppiumTest"/>
</testsuite> <!-- qaclickacademy.AppiumTest -->
