<?xml version="1.0" encoding="UTF-8"?>
<!-- Generated by org.testng.reporters.JUnitReportReporter -->
<testsuite hostname="Athul-PC" name="qaclickacademy.AppTest" tests="1" failures="0" timestamp="1 Mar 2020 19:15:55 GMT" time="0.002" errors="0">
  <testcase name="testApp" time="0.002" classname="qaclickacademy.AppTest"/>
</testsuite> <!-- qaclickacademy.AppTest -->
